Release 14.7 - xst P.20131013 (nt64)
Copyright (c) 1995-2013 Xilinx, Inc.  All rights reserved.
--> Parameter TMPDIR set to xst/projnav.tmp


Total REAL time to Xst completion: 0.00 secs
Total CPU time to Xst completion: 0.15 secs
 
--> Parameter xsthdpdir set to xst


Total REAL time to Xst completion: 0.00 secs
Total CPU time to Xst completion: 0.15 secs
 
--> Reading design: light_switch.prj

TABLE OF CONTENTS
  1) Synthesis Options Summary
  2) HDL Parsing
  3) HDL Elaboration
  4) HDL Synthesis
       4.1) HDL Synthesis Report
  5) Advanced HDL Synthesis
       5.1) Advanced HDL Synthesis Report
  6) Low Level Synthesis
  7) Partition Report
  8) Design Summary
       8.1) Primitive and Black Box Usage
       8.2) Device utilization summary
       8.3) Partition Resource Summary
       8.4) Timing Report
            8.4.1) Clock Information
            8.4.2) Asynchronous Control Signals Information
            8.4.3) Timing Summary
            8.4.4) Timing Details
            8.4.5) Cross Clock Domains Report


=========================================================================
*                      Synthesis Options Summary                        *
=========================================================================
---- Source Parameters
Input File Name                    : "light_switch.prj"
Ignore Synthesis Constraint File   : NO

---- Target Parameters
Output File Name                   : "light_switch"
Output Format                      : NGC
Target Device                      : xc6slx9-2-csg324

---- Source Options
Top Module Name                    : light_switch
Automatic FSM Extraction           : YES
FSM Encoding Algorithm             : Auto
Safe Implementation                : No
FSM Style                          : LUT
RAM Extraction                     : Yes
RAM Style                          : Auto
ROM Extraction                     : Yes
Shift Register Extraction          : YES
ROM Style                          : Auto
Resource Sharing                   : YES
Asynchronous To Synchronous        : NO
Shift Register Minimum Size        : 2
Use DSP Block                      : Auto
Automatic Register Balancing       : No

---- Target Options
LUT Combining                      : Auto
Reduce Control Sets                : Auto
Add IO Buffers                     : YES
Global Maximum Fanout              : 100000
Add Generic Clock Buffer(BUFG)     : 16
Register Duplication               : YES
Optimize Instantiated Primitives   : NO
Use Clock Enable                   : Auto
Use Synchronous Set                : Auto
Use Synchronous Reset              : Auto
Pack IO Registers into IOBs        : Auto
Equivalent register Removal        : YES

---- General Options
Optimization Goal                  : Speed
Optimization Effort                : 1
Power Reduction                    : NO
Keep Hierarchy                     : No
Netlist Hierarchy                  : As_Optimized
RTL Output                         : Yes
Global Optimization                : AllClockNets
Read Cores                         : YES
Write Timing Constraints           : NO
Cross Clock Analysis               : NO
Hierarchy Separator                : /
Bus Delimiter                      : <>
Case Specifier                     : Maintain
Slice Utilization Ratio            : 100
BRAM Utilization Ratio             : 100
DSP48 Utilization Ratio            : 100
Auto BRAM Packing                  : NO
Slice Utilization Ratio Delta      : 5

=========================================================================


=========================================================================
*                          HDL Parsing                                  *
=========================================================================
Analyzing Verilog file "E:\ilyas\Semester 6\DSD lab\lab7\clock_divider.v" into library work
Parsing module <clock_divider>.
Analyzing Verilog file "E:\ilyas\Semester 6\DSD lab\lab7\Synchronizer.v" into library work
Parsing module <synchronizer>.
Analyzing Verilog file "E:\ilyas\Semester 6\DSD lab\lab7\switch_fsm.v" into library work
Parsing module <switch_fsm>.
Analyzing Verilog file "E:\ilyas\Semester 6\DSD lab\lab7\level_to_pulse.v" into library work
Parsing module <level_to_pulse>.
Analyzing Verilog file "E:\ilyas\Semester 6\DSD lab\lab7\Debouncer.v" into library work
Parsing module <debouncer>.
Analyzing Verilog file "E:\ilyas\Semester 6\DSD lab\lab7\top_module.v" into library work
Parsing module <light_switch>.

=========================================================================
*                            HDL Elaboration                            *
=========================================================================

Elaborating module <light_switch>.

Elaborating module <debouncer>.

Elaborating module <clock_divider(N=1000000)>.

Elaborating module <synchronizer>.

Elaborating module <level_to_pulse>.

Elaborating module <switch_fsm>.

=========================================================================
*                           HDL Synthesis                               *
=========================================================================

Synthesizing Unit <light_switch>.
    Related source file is "E:\ilyas\Semester 6\DSD lab\lab7\top_module.v".
    Summary:
	no macro.
Unit <light_switch> synthesized.

Synthesizing Unit <debouncer>.
    Related source file is "E:\ilyas\Semester 6\DSD lab\lab7\Debouncer.v".
    Found 1-bit register for signal <button_out>.
    Summary:
	inferred   1 D-type flip-flop(s).
Unit <debouncer> synthesized.

Synthesizing Unit <clock_divider>.
    Related source file is "E:\ilyas\Semester 6\DSD lab\lab7\clock_divider.v".
        N = 1000000
    Found 1-bit register for signal <clk_out>.
    Found 27-bit register for signal <counter>.
    Found 27-bit adder for signal <counter[26]_GND_3_o_add_2_OUT> created at line 15.
    Summary:
	inferred   1 Adder/Subtractor(s).
	inferred  28 D-type flip-flop(s).
Unit <clock_divider> synthesized.

Synthesizing Unit <synchronizer>.
    Related source file is "E:\ilyas\Semester 6\DSD lab\lab7\Synchronizer.v".
    Found 1-bit register for signal <sync_out>.
    Found 1-bit register for signal <reg1>.
    Summary:
	inferred   2 D-type flip-flop(s).
Unit <synchronizer> synthesized.

Synthesizing Unit <level_to_pulse>.
    Related source file is "E:\ilyas\Semester 6\DSD lab\lab7\level_to_pulse.v".
    Found 1-bit register for signal <prev_level>.
    Summary:
	inferred   1 D-type flip-flop(s).
Unit <level_to_pulse> synthesized.

Synthesizing Unit <switch_fsm>.
    Related source file is "E:\ilyas\Semester 6\DSD lab\lab7\switch_fsm.v".
        OFF = 1'b0
        ON = 1'b1
    Found 1-bit register for signal <state>.
    Summary:
	inferred   1 D-type flip-flop(s).
Unit <switch_fsm> synthesized.

=========================================================================
HDL Synthesis Report

Macro Statistics
# Adders/Subtractors                                   : 1
 27-bit adder                                          : 1
# Registers                                            : 7
 1-bit register                                        : 6
 27-bit register                                       : 1

=========================================================================

=========================================================================
*                       Advanced HDL Synthesis                          *
=========================================================================


Synthesizing (advanced) Unit <clock_divider>.
The following registers are absorbed into counter <counter>: 1 register on signal <counter>.
Unit <clock_divider> synthesized (advanced).

=========================================================================
Advanced HDL Synthesis Report

Macro Statistics
# Counters                                             : 1
 27-bit up counter                                     : 1
# Registers                                            : 6
 Flip-Flops                                            : 6

=========================================================================

=========================================================================
*                         Low Level Synthesis                           *
=========================================================================

Optimizing unit <light_switch> ...

Mapping all equations...
Building and optimizing final netlist ...
Found area constraint ratio of 100 (+ 5) on block light_switch, actual ratio is 0.

Final Macro Processing ...

Processing Unit <light_switch> :
	Found 2-bit shift register for signal <sync/sync_out>.
Unit <light_switch> processed.

=========================================================================
Final Register Report

Macro Statistics
# Registers                                            : 31
 Flip-Flops                                            : 31
# Shift Registers                                      : 1
 2-bit shift register                                  : 1

=========================================================================

=========================================================================
*                           Partition Report                            *
=========================================================================

Partition Implementation Status
-------------------------------

  No Partitions were found in this design.

-------------------------------

=========================================================================
*                            Design Summary                             *
=========================================================================

Top Level Output File Name         : light_switch.ngc

Primitive and Black Box Usage:
------------------------------
# BELS                             : 122
#      GND                         : 1
#      INV                         : 2
#      LUT1                        : 26
#      LUT3                        : 3
#      LUT6                        : 36
#      MUXCY                       : 26
#      VCC                         : 1
#      XORCY                       : 27
# FlipFlops/Latches                : 32
#      FD                          : 31
#      FDE                         : 1
# Shift Registers                  : 1
#      SRLC16E                     : 1
# Clock Buffers                    : 1
#      BUFGP                       : 1
# IO Buffers                       : 2
#      IBUF                        : 1
#      OBUF                        : 1

Device utilization summary:
---------------------------

Selected Device : 6slx9csg324-2 


Slice Logic Utilization: 
 Number of Slice Registers:              32  out of  11440     0%  
 Number of Slice LUTs:                   68  out of   5720     1%  
    Number used as Logic:                67  out of   5720     1%  
    Number used as Memory:                1  out of   1440     0%  
       Number used as SRL:                1

Slice Logic Distribution: 
 Number of LUT Flip Flop pairs used:     68
   Number with an unused Flip Flop:      36  out of     68    52%  
   Number with an unused LUT:             0  out of     68     0%  
   Number of fully used LUT-FF pairs:    32  out of     68    47%  
   Number of unique control sets:         3

IO Utilization: 
 Number of IOs:                           3
 Number of bonded IOBs:                   3  out of    200     1%  

Specific Feature Utilization:
 Number of BUFG/BUFGCTRLs:                1  out of     16     6%  

---------------------------
Partition Resource Summary:
---------------------------

  No Partitions were found in this design.

---------------------------


=========================================================================
Timing Report

NOTE: THESE TIMING NUMBERS ARE ONLY A SYNTHESIS ESTIMATE.
      FOR ACCURATE TIMING INFORMATION PLEASE REFER TO THE TRACE REPORT
      GENERATED AFTER PLACE-and-ROUTE.

Clock Information:
------------------
-----------------------------------+--------------------------+-------+
Clock Signal                       | Clock buffer(FF name)    | Load  |
-----------------------------------+--------------------------+-------+
debounce/CD0/clk_out               | NONE(debounce/button_out)| 1     |
clk                                | BUFGP                    | 32    |
-----------------------------------+--------------------------+-------+
INFO:Xst:2169 - HDL ADVISOR - Some clock signals were not automatically buffered by XST with BUFG/BUFR resources. Please use the buffer_type constraint in order to insert these buffers to the clock signals to help prevent skew problems.

Asynchronous Control Signals Information:
----------------------------------------
No asynchronous control signals found in this design

Timing Summary:
---------------
Speed Grade: -2

   Minimum period: 3.856ns (Maximum Frequency: 259.336MHz)
   Minimum input arrival time before clock: 3.019ns
   Maximum output required time after clock: 4.162ns
   Maximum combinational path delay: No path found

Timing Details:
---------------
All values displayed in nanoseconds (ns)

=========================================================================
Timing constraint: Default period analysis for Clock 'clk'
  Clock period: 3.856ns (frequency: 259.336MHz)
  Total number of paths / destination ports: 1140 / 31
-------------------------------------------------------------------------
Delay:               3.856ns (Levels of Logic = 2)
  Source:            debounce/CD0/counter_15 (FF)
  Destination:       debounce/CD0/counter_21 (FF)
  Source Clock:      clk rising
  Destination Clock: clk rising

  Data Path: debounce/CD0/counter_15 to debounce/CD0/counter_21
                                Gate     Net
    Cell:in->out      fanout   Delay   Delay  Logical Name (Net Name)
    ----------------------------------------  ------------
     FD:C->Q               3   0.525   1.221  debounce/CD0/counter_15 (debounce/CD0/counter_15)
     LUT6:I0->O           13   0.254   1.528  debounce/CD0/GND_3_o_GND_3_o_equal_2_o<26>4_1 (debounce/CD0/GND_3_o_GND_3_o_equal_2_o<26>41)
     LUT6:I1->O            1   0.254   0.000  debounce/CD0/counter_21_rstpot (debounce/CD0/counter_21_rstpot)
     FD:D                      0.074          debounce/CD0/counter_21
    ----------------------------------------
    Total                      3.856ns (1.107ns logic, 2.749ns route)
                                       (28.7% logic, 71.3% route)

=========================================================================
Timing constraint: Default OFFSET IN BEFORE for Clock 'debounce/CD0/clk_out'
  Total number of paths / destination ports: 1 / 1
-------------------------------------------------------------------------
Offset:              3.019ns (Levels of Logic = 2)
  Source:            button (PAD)
  Destination:       debounce/button_out (FF)
  Destination Clock: debounce/CD0/clk_out rising

  Data Path: button to debounce/button_out
                                Gate     Net
    Cell:in->out      fanout   Delay   Delay  Logical Name (Net Name)
    ----------------------------------------  ------------
     IBUF:I->O             1   1.328   0.681  button_IBUF (button_IBUF)
     INV:I->O              1   0.255   0.681  button_INV_3_o1_INV_0 (button_INV_3_o)
     FD:D                      0.074          debounce/button_out
    ----------------------------------------
    Total                      3.019ns (1.657ns logic, 1.362ns route)
                                       (54.9% logic, 45.1% route)

=========================================================================
Timing constraint: Default OFFSET OUT AFTER for Clock 'clk'
  Total number of paths / destination ports: 1 / 1
-------------------------------------------------------------------------
Offset:              4.162ns (Levels of Logic = 1)
  Source:            fsm/state (FF)
  Destination:       light (PAD)
  Source Clock:      clk rising

  Data Path: fsm/state to light
                                Gate     Net
    Cell:in->out      fanout   Delay   Delay  Logical Name (Net Name)
    ----------------------------------------  ------------
     FD:C->Q               2   0.525   0.725  fsm/state (fsm/state)
     OBUF:I->O                 2.912          light_OBUF (light)
    ----------------------------------------
    Total                      4.162ns (3.437ns logic, 0.725ns route)
                                       (82.6% logic, 17.4% route)

=========================================================================

Cross Clock Domains Report:
--------------------------

Clock to Setup on destination clock clk
--------------------+---------+---------+---------+---------+
                    | Src:Rise| Src:Fall| Src:Rise| Src:Fall|
Source Clock        |Dest:Rise|Dest:Rise|Dest:Fall|Dest:Fall|
--------------------+---------+---------+---------+---------+
clk                 |    3.856|         |         |         |
debounce/CD0/clk_out|    1.206|         |         |         |
--------------------+---------+---------+---------+---------+

=========================================================================


Total REAL time to Xst completion: 7.00 secs
Total CPU time to Xst completion: 6.61 secs
 
--> 

Total memory usage is 4486840 kilobytes

Number of errors   :    0 (   0 filtered)
Number of warnings :    0 (   0 filtered)
Number of infos    :    1 (   0 filtered)

